{"uuid":"0dca2f14-0df4-447b-8882-6301d3a41926","historyId":"fd4b1317d94e4f8755d55e88f54c3d62","fullName":"src/main/resources/Features/F03_products price.feature:3","labels":[{"name":"host","value":"mahmoud_hossam"},{"name":"thread","value":"6176@mahmoud_hossam.main(1)"},{"name":"feature","value":"Verify Product Price"},{"name":"story","value":"Verify prices of multiple products"},{"name":"suite","value":"Verify Product Price"},{"name":"testClass","value":"Verify prices of multiple products"},{"name":"framework","value":"cucumber6jvm"},{"name":"language","value":"java"},{"name":"gherkin_uri","value":"file:///C:/Users/mahmo/AppData/Local/Temp/bc2e53e0-9ef0-487f-b3f4-9c21df828367_TemplateMavenProject.zip.367/Swag_labs/src/main/resources/Features/F03_products%20price.feature"},{"name":"package","value":"src.main.resources.Features.F03_products price_feature.Verify Product Price"}],"links":[],"name":"Verify prices of multiple products","status":"broken","statusDetails":{"known":false,"muted":false,"flaky":false,"message":"invalid selector\nfrom javascript error: {\"status\":32,\"value\":\"Unable to locate an element with the xpath expression //*[@id=\\\"item_4_title_link\\\"]/divSauce Labs Backpack//*[@id=\\\"inventory_container\\\"]/div/div[1]/div[2]/div[2]/div because of the following error:\\nSyntaxError: Failed to execute 'evaluate' on 'Document': The string '//*[@id=\\\"item_4_title_link\\\"]/divSauce Labs Backpack//*[@id=\\\"inventory_container\\\"]/div/div[1]/div[2]/div[2]/div' is not a valid XPath expression.\"}\n  (Session info: chrome=131.0.6778.70)\nFor documentation on this error, please visit: https://www.selenium.dev/documentation/webdriver/troubleshooting/errors#invalid-selector-exception\nBuild info: version: '4.17.0', revision: 'e52b1be057*'\nSystem info: os.name: 'Windows 11', os.arch: 'amd64', os.version: '10.0', java.version: '22.0.2'\nDriver info: org.openqa.selenium.chrome.ChromeDriver\nCommand: [5a3a24358b71af87bf7aa14887a3dea2, findElement {value=//*[@id=\"item_4_title_link\"]/divSauce Labs Backpack//*[@id=\"inventory_container\"]/div/div[1]/div[2]/div[2]/div, using=xpath}]\nCapabilities {acceptInsecureCerts: false, browserName: chrome, browserVersion: 131.0.6778.70, chrome: {chromedriverVersion: 131.0.6778.85 (3d81e41b6f3a..., userDataDir: C:\\Users\\mahmo\\AppData\\Loca...}, fedcm:accounts: true, goog:chromeOptions: {debuggerAddress: localhost:55540}, networkConnectionEnabled: false, pageLoadStrategy: normal, platformName: windows, proxy: Proxy(), se:cdp: ws://localhost:55540/devtoo..., se:cdpVersion: 131.0.6778.70, setWindowRect: true, strictFileInteractability: false, timeouts: {implicit: 0, pageLoad: 300000, script: 30000}, unhandledPromptBehavior: dismiss and notify, webauthn:extension:credBlob: true, webauthn:extension:largeBlob: true, webauthn:extension:minPinLength: true, webauthn:extension:prf: true, webauthn:virtualAuthenticators: true}\nSession ID: 5a3a24358b71af87bf7aa14887a3dea2","trace":"org.openqa.selenium.InvalidSelectorException: invalid selector\nfrom javascript error: {\"status\":32,\"value\":\"Unable to locate an element with the xpath expression //*[@id=\\\"item_4_title_link\\\"]/divSauce Labs Backpack//*[@id=\\\"inventory_container\\\"]/div/div[1]/div[2]/div[2]/div because of the following error:\\nSyntaxError: Failed to execute 'evaluate' on 'Document': The string '//*[@id=\\\"item_4_title_link\\\"]/divSauce Labs Backpack//*[@id=\\\"inventory_container\\\"]/div/div[1]/div[2]/div[2]/div' is not a valid XPath expression.\"}\n  (Session info: chrome=131.0.6778.70)\nFor documentation on this error, please visit: https://www.selenium.dev/documentation/webdriver/troubleshooting/errors#invalid-selector-exception\nBuild info: version: '4.17.0', revision: 'e52b1be057*'\nSystem info: os.name: 'Windows 11', os.arch: 'amd64', os.version: '10.0', java.version: '22.0.2'\nDriver info: org.openqa.selenium.chrome.ChromeDriver\nCommand: [5a3a24358b71af87bf7aa14887a3dea2, findElement {value=//*[@id=\"item_4_title_link\"]/divSauce Labs Backpack//*[@id=\"inventory_container\"]/div/div[1]/div[2]/div[2]/div, using=xpath}]\nCapabilities {acceptInsecureCerts: false, browserName: chrome, browserVersion: 131.0.6778.70, chrome: {chromedriverVersion: 131.0.6778.85 (3d81e41b6f3a..., userDataDir: C:\\Users\\mahmo\\AppData\\Loca...}, fedcm:accounts: true, goog:chromeOptions: {debuggerAddress: localhost:55540}, networkConnectionEnabled: false, pageLoadStrategy: normal, platformName: windows, proxy: Proxy(), se:cdp: ws://localhost:55540/devtoo..., se:cdpVersion: 131.0.6778.70, setWindowRect: true, strictFileInteractability: false, timeouts: {implicit: 0, pageLoad: 300000, script: 30000}, unhandledPromptBehavior: dismiss and notify, webauthn:extension:credBlob: true, webauthn:extension:largeBlob: true, webauthn:extension:minPinLength: true, webauthn:extension:prf: true, webauthn:virtualAuthenticators: true}\nSession ID: 5a3a24358b71af87bf7aa14887a3dea2\r\n\tat java.base/jdk.internal.reflect.DirectConstructorHandleAccessor.newInstance(DirectConstructorHandleAccessor.java:62)\r\n\tat java.base/java.lang.reflect.Constructor.newInstanceWithCaller(Constructor.java:502)\r\n\tat java.base/java.lang.reflect.Constructor.newInstance(Constructor.java:486)\r\n\tat org.openqa.selenium.remote.codec.w3c.W3CHttpResponseCodec.createException(W3CHttpResponseCodec.java:185)\r\n\tat org.openqa.selenium.remote.codec.w3c.W3CHttpResponseCodec.decode(W3CHttpResponseCodec.java:134)\r\n\tat org.openqa.selenium.remote.codec.w3c.W3CHttpResponseCodec.decode(W3CHttpResponseCodec.java:51)\r\n\tat org.openqa.selenium.remote.HttpCommandExecutor.execute(HttpCommandExecutor.java:190)\r\n\tat org.openqa.selenium.remote.service.DriverCommandExecutor.invokeExecute(DriverCommandExecutor.java:216)\r\n\tat org.openqa.selenium.remote.service.DriverCommandExecutor.execute(DriverCommandExecutor.java:174)\r\n\tat org.openqa.selenium.remote.RemoteWebDriver.execute(RemoteWebDriver.java:519)\r\n\tat org.openqa.selenium.remote.ElementLocation$ElementFinder$2.findElement(ElementLocation.java:165)\r\n\tat org.openqa.selenium.remote.ElementLocation.findElement(ElementLocation.java:59)\r\n\tat org.openqa.selenium.remote.RemoteWebDriver.findElement(RemoteWebDriver.java:356)\r\n\tat org.openqa.selenium.remote.RemoteWebDriver.findElement(RemoteWebDriver.java:350)\r\n\tat pages.P03_productsprice.verifyMultipleProductPrices(P03_productsprice.java:19)\r\n\tat StepDefinition.D03_productsprice.prices_of_products(D03_productsprice.java:8)\r\n\tat ✽.the prices of the products should match the following:(file:///C:/Users/mahmo/AppData/Local/Temp/bc2e53e0-9ef0-487f-b3f4-9c21df828367_TemplateMavenProject.zip.367/Swag_labs/src/main/resources/Features/F03_products%20price.feature:6)\r\n"},"stage":"finished","steps":[{"name":"Given  the user is on the homepage","status":"passed","statusDetails":{"known":false,"muted":false,"flaky":false},"stage":"finished","steps":[],"attachments":[],"parameters":[],"start":1732111099911,"stop":1732111100402},{"name":"When  the user can navigate to the home page","status":"passed","statusDetails":{"known":false,"muted":false,"flaky":false},"stage":"finished","steps":[],"attachments":[],"parameters":[],"start":1732111100402,"stop":1732111100420},{"name":"Then  the prices of the products should match the following:","status":"broken","statusDetails":{"known":false,"muted":false,"flaky":false,"message":"invalid selector\nfrom javascript error: {\"status\":32,\"value\":\"Unable to locate an element with the xpath expression //*[@id=\\\"item_4_title_link\\\"]/divSauce Labs Backpack//*[@id=\\\"inventory_container\\\"]/div/div[1]/div[2]/div[2]/div because of the following error:\\nSyntaxError: Failed to execute 'evaluate' on 'Document': The string '//*[@id=\\\"item_4_title_link\\\"]/divSauce Labs Backpack//*[@id=\\\"inventory_container\\\"]/div/div[1]/div[2]/div[2]/div' is not a valid XPath expression.\"}\n  (Session info: chrome=131.0.6778.70)\nFor documentation on this error, please visit: https://www.selenium.dev/documentation/webdriver/troubleshooting/errors#invalid-selector-exception\nBuild info: version: '4.17.0', revision: 'e52b1be057*'\nSystem info: os.name: 'Windows 11', os.arch: 'amd64', os.version: '10.0', java.version: '22.0.2'\nDriver info: org.openqa.selenium.chrome.ChromeDriver\nCommand: [5a3a24358b71af87bf7aa14887a3dea2, findElement {value=//*[@id=\"item_4_title_link\"]/divSauce Labs Backpack//*[@id=\"inventory_container\"]/div/div[1]/div[2]/div[2]/div, using=xpath}]\nCapabilities {acceptInsecureCerts: false, browserName: chrome, browserVersion: 131.0.6778.70, chrome: {chromedriverVersion: 131.0.6778.85 (3d81e41b6f3a..., userDataDir: C:\\Users\\mahmo\\AppData\\Loca...}, fedcm:accounts: true, goog:chromeOptions: {debuggerAddress: localhost:55540}, networkConnectionEnabled: false, pageLoadStrategy: normal, platformName: windows, proxy: Proxy(), se:cdp: ws://localhost:55540/devtoo..., se:cdpVersion: 131.0.6778.70, setWindowRect: true, strictFileInteractability: false, timeouts: {implicit: 0, pageLoad: 300000, script: 30000}, unhandledPromptBehavior: dismiss and notify, webauthn:extension:credBlob: true, webauthn:extension:largeBlob: true, webauthn:extension:minPinLength: true, webauthn:extension:prf: true, webauthn:virtualAuthenticators: true}\nSession ID: 5a3a24358b71af87bf7aa14887a3dea2","trace":"org.openqa.selenium.InvalidSelectorException: invalid selector\nfrom javascript error: {\"status\":32,\"value\":\"Unable to locate an element with the xpath expression //*[@id=\\\"item_4_title_link\\\"]/divSauce Labs Backpack//*[@id=\\\"inventory_container\\\"]/div/div[1]/div[2]/div[2]/div because of the following error:\\nSyntaxError: Failed to execute 'evaluate' on 'Document': The string '//*[@id=\\\"item_4_title_link\\\"]/divSauce Labs Backpack//*[@id=\\\"inventory_container\\\"]/div/div[1]/div[2]/div[2]/div' is not a valid XPath expression.\"}\n  (Session info: chrome=131.0.6778.70)\nFor documentation on this error, please visit: https://www.selenium.dev/documentation/webdriver/troubleshooting/errors#invalid-selector-exception\nBuild info: version: '4.17.0', revision: 'e52b1be057*'\nSystem info: os.name: 'Windows 11', os.arch: 'amd64', os.version: '10.0', java.version: '22.0.2'\nDriver info: org.openqa.selenium.chrome.ChromeDriver\nCommand: [5a3a24358b71af87bf7aa14887a3dea2, findElement {value=//*[@id=\"item_4_title_link\"]/divSauce Labs Backpack//*[@id=\"inventory_container\"]/div/div[1]/div[2]/div[2]/div, using=xpath}]\nCapabilities {acceptInsecureCerts: false, browserName: chrome, browserVersion: 131.0.6778.70, chrome: {chromedriverVersion: 131.0.6778.85 (3d81e41b6f3a..., userDataDir: C:\\Users\\mahmo\\AppData\\Loca...}, fedcm:accounts: true, goog:chromeOptions: {debuggerAddress: localhost:55540}, networkConnectionEnabled: false, pageLoadStrategy: normal, platformName: windows, proxy: Proxy(), se:cdp: ws://localhost:55540/devtoo..., se:cdpVersion: 131.0.6778.70, setWindowRect: true, strictFileInteractability: false, timeouts: {implicit: 0, pageLoad: 300000, script: 30000}, unhandledPromptBehavior: dismiss and notify, webauthn:extension:credBlob: true, webauthn:extension:largeBlob: true, webauthn:extension:minPinLength: true, webauthn:extension:prf: true, webauthn:virtualAuthenticators: true}\nSession ID: 5a3a24358b71af87bf7aa14887a3dea2\r\n\tat java.base/jdk.internal.reflect.DirectConstructorHandleAccessor.newInstance(DirectConstructorHandleAccessor.java:62)\r\n\tat java.base/java.lang.reflect.Constructor.newInstanceWithCaller(Constructor.java:502)\r\n\tat java.base/java.lang.reflect.Constructor.newInstance(Constructor.java:486)\r\n\tat org.openqa.selenium.remote.codec.w3c.W3CHttpResponseCodec.createException(W3CHttpResponseCodec.java:185)\r\n\tat org.openqa.selenium.remote.codec.w3c.W3CHttpResponseCodec.decode(W3CHttpResponseCodec.java:134)\r\n\tat org.openqa.selenium.remote.codec.w3c.W3CHttpResponseCodec.decode(W3CHttpResponseCodec.java:51)\r\n\tat org.openqa.selenium.remote.HttpCommandExecutor.execute(HttpCommandExecutor.java:190)\r\n\tat org.openqa.selenium.remote.service.DriverCommandExecutor.invokeExecute(DriverCommandExecutor.java:216)\r\n\tat org.openqa.selenium.remote.service.DriverCommandExecutor.execute(DriverCommandExecutor.java:174)\r\n\tat org.openqa.selenium.remote.RemoteWebDriver.execute(RemoteWebDriver.java:519)\r\n\tat org.openqa.selenium.remote.ElementLocation$ElementFinder$2.findElement(ElementLocation.java:165)\r\n\tat org.openqa.selenium.remote.ElementLocation.findElement(ElementLocation.java:59)\r\n\tat org.openqa.selenium.remote.RemoteWebDriver.findElement(RemoteWebDriver.java:356)\r\n\tat org.openqa.selenium.remote.RemoteWebDriver.findElement(RemoteWebDriver.java:350)\r\n\tat pages.P03_productsprice.verifyMultipleProductPrices(P03_productsprice.java:19)\r\n\tat StepDefinition.D03_productsprice.prices_of_products(D03_productsprice.java:8)\r\n\tat ✽.the prices of the products should match the following:(file:///C:/Users/mahmo/AppData/Local/Temp/bc2e53e0-9ef0-487f-b3f4-9c21df828367_TemplateMavenProject.zip.367/Swag_labs/src/main/resources/Features/F03_products%20price.feature:6)\r\n"},"stage":"finished","steps":[],"attachments":[],"parameters":[],"start":1732111100420,"stop":1732111100473}],"attachments":[],"parameters":[],"start":1732111097928,"stop":1732111100671}